info it worked if it ends with ok
verbose cli [ '/usr/bin/nodejs', '/usr/bin/npm', 'install', 'nodejs' ]
info using npm@1.1.4
info using node@v0.6.19
verbose config file /home/gharslyan/.npmrc
verbose config file /usr/etc/npmrc
verbose config file /usr/share/npm/npmrc
verbose caching /home/gharslyan/git/nodejs/package.json
verbose loadDefaults nodejs@0.0.1
verbose caching /home/gharslyan/git/nodejs/node_modules/express/package.json
verbose caching /home/gharslyan/git/nodejs/node_modules/node/package.json
verbose from cache /home/gharslyan/git/nodejs/package.json
verbose readDependencies: using package.json deps
verbose cache add [ 'nodejs', null ]
silly cache add: name, spec, args [ undefined, 'nodejs', [ 'nodejs', null ] ]
verbose parsed url { pathname: 'nodejs', path: 'nodejs', href: 'nodejs' }
verbose addNamed [ 'nodejs', '' ]
verbose addNamed [ null, '' ]
silly name, range, hasData [ 'nodejs', '', false ]
verbose raw, before any munging nodejs
verbose url resolving [ 'https://registry.npmjs.org/', './nodejs' ]
verbose url resolved https://registry.npmjs.org/nodejs
http GET https://registry.npmjs.org/nodejs
http 404 https://registry.npmjs.org/nodejs
silly get cb [ 404,
silly get cb   { server: 'CouchDB/1.5.0 (Erlang OTP/R15B03)',
silly get cb     date: 'Sat, 21 Dec 2013 12:13:39 GMT',
silly get cb     'content-type': 'application/json',
silly get cb     'content-length': '52',
silly get cb     'cache-control': 'must-revalidate' } ]
ERR! 404 'nodejs' is not in the npm registry.
ERR! 404 You should bug the author to publish it
ERR! 404 Note that you can also install from a
ERR! 404 tarball, folder, or http url, or git url.
ERR! 
ERR! System Linux 3.8.0-31-generic
ERR! command "/usr/bin/nodejs" "/usr/bin/npm" "install" "nodejs"
ERR! cwd /home/gharslyan/git/nodejs
ERR! node -v v0.6.19
ERR! npm -v 1.1.4
ERR! code E404
ERR! message 404 Not Found: nodejs
ERR! errno {}
verbose exit [ 1, true ]
